<?xml version="1.0" encoding="UTF-8"?>
<testng-results skipped="0" failed="0" ignored="0" total="1" passed="1">
  <reporter-output>
  </reporter-output>
  <suite name="Main Test Suite" duration-ms="14203" started-at="2017-05-05T09:54:21Z" finished-at="2017-05-05T09:54:35Z">
    <groups>
    </groups>
    <test name="TestNG Test Group" duration-ms="14203" started-at="2017-05-05T09:54:21Z" finished-at="2017-05-05T09:54:35Z">
      <class name="CodeTest">
        <test-method status="PASS" signature="startTest()[pri:0, instance:CodeTest@38082d64]" name="startTest" duration-ms="14185" started-at="2017-05-05T12:54:21Z" finished-at="2017-05-05T12:54:35Z">
          <reporter-output>
          </reporter-output>
        </test-method> <!-- startTest -->
      </class> <!-- CodeTest -->
    </test> <!-- TestNG Test Group -->
  </suite> <!-- Main Test Suite -->
</testng-results>
